This file contains any messages produced by compilers while
running configure, to aid debugging if configure makes a mistake.

It was created by RtMidi configure 6.0.0, which was
generated by GNU Autoconf 2.71.  Invocation command line was

  $ ./configure

## --------- ##
## Platform. ##
## --------- ##

hostname = Alexs-MacBook-Pro-2.local
uname -m = x86_64
uname -r = 23.0.0
uname -s = Darwin
uname -v = Darwin Kernel Version 23.0.0: Fri Sep 15 14:42:42 PDT 2023; root:xnu-10002.1.13~1/RELEASE_X86_64

/usr/bin/uname -p = i386
/bin/uname -X     = unknown

/bin/arch              = unknown
/usr/bin/arch -k       = unknown
/usr/convex/getsysinfo = unknown
/usr/bin/hostinfo      = Mach kernel version:
	 Darwin Kernel Version 23.0.0: Fri Sep 15 14:42:42 PDT 2023; root:xnu-10002.1.13~1/RELEASE_X86_64
Kernel configured for up to 12 processors.
6 processors are physically available.
12 processors are logically available.
Processor type: x86_64h (Intel x86-64h Haswell)
Processors active: 0 1 2 3 4 5 6 7 8 9 10 11
Primary memory available: 32.00 gigabytes
Default processor set: 585 tasks, 2482 threads, 12 processors
Load average: 1.54, Mach factor: 10.45
/bin/machine           = unknown
/usr/bin/oslevel       = unknown
/bin/universe          = unknown

PATH: /Library/Frameworks/Python.framework/Versions/3.9/bin/
PATH: /usr/local/bin/
PATH: /System/Cryptexes/App/usr/bin/
PATH: /usr/bin/
PATH: /bin/
PATH: /usr/sbin/
PATH: /sbin/
PATH: /var/run/com.apple.security.cryptexd/codex.system/bootstrap/usr/local/bin/
PATH: /var/run/com.apple.security.cryptexd/codex.system/bootstrap/usr/bin/
PATH: /var/run/com.apple.security.cryptexd/codex.system/bootstrap/usr/appleinternal/bin/
PATH: /Library/Apple/usr/bin/


## ----------- ##
## Core tests. ##
## ----------- ##

configure:2743: looking for aux files: config.guess config.sub ltmain.sh compile ar-lib missing install-sh
configure:2756:  trying ./config/
configure:2785:   ./config/config.guess found
configure:2785:   ./config/config.sub found
configure:2785:   ./config/ltmain.sh found
configure:2785:   ./config/compile found
configure:2785:   ./config/ar-lib found
configure:2785:   ./config/missing found
configure:2767:   ./config/install-sh found
configure:2918: checking for a BSD-compatible install
configure:2991: result: /usr/bin/install -c
configure:3002: checking whether build environment is sane
configure:3057: result: yes
configure:3216: checking for a race-free mkdir -p
configure:3260: result: ./config/install-sh -c -d
configure:3267: checking for gawk
configure:3302: result: no
configure:3267: checking for mawk
configure:3302: result: no
configure:3267: checking for nawk
configure:3302: result: no
configure:3267: checking for awk
configure:3288: found /usr/bin/awk
configure:3299: result: awk
configure:3310: checking whether make sets $(MAKE)
configure:3333: result: yes
configure:3363: checking whether make supports nested variables
configure:3381: result: yes
configure:3567: checking that version numbers are coherent
configure:3586: checking whether to enable maintainer-specific portions of Makefiles
configure:3596: result: no
configure:3621: checking whether make supports nested variables
configure:3639: result: yes
configure:3731: checking whether make supports the include directive
configure:3746: make -f confmf.GNU && cat confinc.out
this is the am__doit target
configure:3749: $? = 0
configure:3768: result: yes (GNU style)
configure:3854: checking for g++
configure:3875: found /usr/bin/g++
configure:3886: result: g++
configure:3913: checking for C++ compiler version
configure:3922: g++ --version >&5
Apple clang version 15.0.0 (clang-1500.0.40.1)
Target: x86_64-apple-darwin23.0.0
Thread model: posix
InstalledDir: /Library/Developer/CommandLineTools/usr/bin
configure:3933: $? = 0
configure:3922: g++ -v >&5
Apple clang version 15.0.0 (clang-1500.0.40.1)
Target: x86_64-apple-darwin23.0.0
Thread model: posix
InstalledDir: /Library/Developer/CommandLineTools/usr/bin
configure:3933: $? = 0
configure:3922: g++ -V >&5
clang: error: argument to '-V' is missing (expected 1 value)
clang: error: no input files
configure:3933: $? = 1
configure:3922: g++ -qversion >&5
clang: error: unknown argument '-qversion'; did you mean '--version'?
clang: error: no input files
configure:3933: $? = 1
configure:3953: checking whether the C++ compiler works
configure:3975: g++    conftest.cpp  >&5
configure:3979: $? = 0
configure:4029: result: yes
configure:4032: checking for C++ compiler default output file name
configure:4034: result: a.out
configure:4040: checking for suffix of executables
configure:4047: g++ -o conftest    conftest.cpp  >&5
configure:4051: $? = 0
configure:4074: result: 
configure:4096: checking whether we are cross compiling
configure:4104: g++ -o conftest    conftest.cpp  >&5
configure:4108: $? = 0
configure:4115: ./conftest
configure:4119: $? = 0
configure:4134: result: no
configure:4139: checking for suffix of object files
configure:4162: g++ -c   conftest.cpp >&5
configure:4166: $? = 0
configure:4188: result: o
configure:4192: checking whether the compiler supports GNU C++
configure:4212: g++ -c   conftest.cpp >&5
configure:4212: $? = 0
configure:4222: result: yes
configure:4233: checking whether g++ accepts -g
configure:4254: g++ -c -g  conftest.cpp >&5
configure:4254: $? = 0
configure:4298: result: yes
configure:4318: checking for g++ option to enable C++11 features
configure:4333: g++  -c -g -O2  conftest.cpp >&5
conftest.cpp:57:3: error: "Compiler does not advertise C++11 conformance"
# error "Compiler does not advertise C++11 conformance"
  ^
conftest.cpp:62:3: error: unknown type name 'constexpr'
  constexpr int get_val() { return 20; }
  ^
conftest.cpp:74:17: error: delegating constructors are permitted only in C++11
    delegate(): delegate(2354) {}
                ^~~~~~~~
conftest.cpp:85:26: warning: 'override' keyword is a C++11 extension [-Wc++11-extensions]
    virtual int getval() override final { return this->n * 2; }
                         ^
conftest.cpp:85:35: warning: 'final' keyword is a C++11 extension [-Wc++11-extensions]
    virtual int getval() override final { return this->n * 2; }
                                  ^
conftest.cpp:92:16: warning: defaulted function definitions are a C++11 extension [-Wc++11-extensions]
    nocopy() = default;
               ^
conftest.cpp:93:29: warning: deleted function definitions are a C++11 extension [-Wc++11-extensions]
    nocopy(const nocopy&) = delete;
                            ^
conftest.cpp:94:41: warning: deleted function definitions are a C++11 extension [-Wc++11-extensions]
    nocopy & operator=(const nocopy&) = delete;
                                        ^
conftest.cpp:106:25: warning: 'auto' type specifier is a C++11 extension [-Wc++11-extensions]
  template <typename V> auto sum(V first) -> V
                        ^
conftest.cpp:106:25: error: 'auto' not allowed in function return type
  template <typename V> auto sum(V first) -> V
                        ^~~~
conftest.cpp:106:42: error: expected ';' at end of declaration
  template <typename V> auto sum(V first) -> V
                                         ^
                                         ;
conftest.cpp:106:43: error: cannot use arrow operator on a type
  template <typename V> auto sum(V first) -> V
                                          ^
conftest.cpp:110:33: warning: variadic templates are a C++11 extension [-Wc++11-extensions]
  template <typename V, typename... Args> auto sum(V first, Args... rest) -> V
                                ^
conftest.cpp:110:43: warning: 'auto' type specifier is a C++11 extension [-Wc++11-extensions]
  template <typename V, typename... Args> auto sum(V first, Args... rest) -> V
                                          ^
conftest.cpp:110:43: error: 'auto' not allowed in function return type
  template <typename V, typename... Args> auto sum(V first, Args... rest) -> V
                                          ^~~~
conftest.cpp:110:74: error: expected ';' at end of declaration
  template <typename V, typename... Args> auto sum(V first, Args... rest) -> V
                                                                         ^
                                                                         ;
conftest.cpp:110:75: error: cannot use arrow operator on a type
  template <typename V, typename... Args> auto sum(V first, Args... rest) -> V
                                                                          ^
conftest.cpp:134:3: warning: 'auto' type specifier is a C++11 extension [-Wc++11-extensions]
  auto a1 = 6538;
  ^
conftest.cpp:135:3: warning: 'auto' type specifier is a C++11 extension [-Wc++11-extensions]
  auto a2 = 48573953.4;
  ^
conftest.cpp:136:3: warning: 'auto' type specifier is a C++11 extension [-Wc++11-extensions]
  auto a3 = "String literal";
  ^
conftest.cpp:139:8: warning: 'auto' type specifier is a C++11 extension [-Wc++11-extensions]
  for (auto i = a3; *i; ++i) { total += *i; }
       ^
conftest.cpp:155:8: warning: 'auto' type specifier is a C++11 extension [-Wc++11-extensions]
  for (auto &x : array) { x += 23; }
       ^
conftest.cpp:155:16: warning: range-based for loop is a C++11 extension [-Wc++11-extensions]
  for (auto &x : array) { x += 23; }
               ^
conftest.cpp:160:17: error: expected expression
  assert (eval ([](int x) { return x*2; }, 21) == 42);
                ^
conftest.cpp:162:17: error: expected expression
  assert (eval ([&](double x) { return d += x; }, 3.0) == 5.0);
                ^
conftest.cpp:164:17: error: expected expression
  assert (eval ([=](double x) mutable { return d += x; }, 4.0) == 9.0);
                ^
conftest.cpp:170:3: warning: 'auto' type specifier is a C++11 extension [-Wc++11-extensions]
  auto a = sum(1);
  ^
conftest.cpp:170:12: error: no matching function for call to 'sum'
  auto a = sum(1);
           ^~~
conftest.cpp:171:3: warning: 'auto' type specifier is a C++11 extension [-Wc++11-extensions]
  auto b = sum(1, 2);
  ^
conftest.cpp:171:12: error: no matching function for call to 'sum'
  auto b = sum(1, 2);
           ^~~
conftest.cpp:172:3: warning: 'auto' type specifier is a C++11 extension [-Wc++11-extensions]
  auto c = sum(1.0, 2.0, 3.0);
  ^
conftest.cpp:172:12: error: no matching function for call to 'sum'
  auto c = sum(1.0, 2.0, 3.0);
           ^~~
conftest.cpp:177:25: warning: empty parentheses interpreted as a function declaration [-Wvexing-parse]
  cxx11test::delegate d2();
                        ^~
conftest.cpp:177:25: note: remove parentheses to declare a variable
  cxx11test::delegate d2();
                        ^~
conftest.cpp:190:16: error: found '<::' after a template name which forms the digraph '<:' (aka '[') and a ':', did you mean '< ::'?
  test_template<::test_template<int>> v(test_template<int>(12));
               ^~~
               < ::
conftest.cpp:190:36: error: a space is required between consecutive right angle brackets (use '> >')
  test_template<::test_template<int>> v(test_template<int>(12));
                                   ^~
                                   > >
conftest.cpp:194:22: error: use of undeclared identifier 'u8'
  char const *utf8 = u8"UTF-8 string \u2500";
                     ^
conftest.cpp:194:24: error: expected ';' at end of declaration
  char const *utf8 = u8"UTF-8 string \u2500";
                       ^
                       ;
fatal error: too many errors emitted, stopping now [-ferror-limit=]
18 warnings and 20 errors generated.
configure:4333: $? = 1
configure: failed program was:
| /* confdefs.h */
| #define PACKAGE_NAME "RtMidi"
| #define PACKAGE_TARNAME "rtmidi"
| #define PACKAGE_VERSION "6.0.0"
| #define PACKAGE_STRING "RtMidi 6.0.0"
| #define PACKAGE_BUGREPORT "gary.scavone@mcgill.ca"
| #define PACKAGE_URL ""
| #define PACKAGE "rtmidi"
| #define VERSION "6.0.0"
| /* end confdefs.h.  */
| 
| // Does the compiler advertise C++98 conformance?
| #if !defined __cplusplus || __cplusplus < 199711L
| # error "Compiler does not advertise C++98 conformance"
| #endif
| 
| // These inclusions are to reject old compilers that
| // lack the unsuffixed header files.
| #include <cstdlib>
| #include <exception>
| 
| // <cassert> and <cstring> are *not* freestanding headers in C++98.
| extern void assert (int);
| namespace std {
|   extern int strcmp (const char *, const char *);
| }
| 
| // Namespaces, exceptions, and templates were all added after "C++ 2.0".
| using std::exception;
| using std::strcmp;
| 
| namespace {
| 
| void test_exception_syntax()
| {
|   try {
|     throw "test";
|   } catch (const char *s) {
|     // Extra parentheses suppress a warning when building autoconf itself,
|     // due to lint rules shared with more typical C programs.
|     assert (!(strcmp) (s, "test"));
|   }
| }
| 
| template <typename T> struct test_template
| {
|   T const val;
|   explicit test_template(T t) : val(t) {}
|   template <typename U> T add(U u) { return static_cast<T>(u) + val; }
| };
| 
| } // anonymous namespace
| 
| 
| // Does the compiler advertise C++ 2011 conformance?
| #if !defined __cplusplus || __cplusplus < 201103L
| # error "Compiler does not advertise C++11 conformance"
| #endif
| 
| namespace cxx11test
| {
|   constexpr int get_val() { return 20; }
| 
|   struct testinit
|   {
|     int i;
|     double d;
|   };
| 
|   class delegate
|   {
|   public:
|     delegate(int n) : n(n) {}
|     delegate(): delegate(2354) {}
| 
|     virtual int getval() { return this->n; };
|   protected:
|     int n;
|   };
| 
|   class overridden : public delegate
|   {
|   public:
|     overridden(int n): delegate(n) {}
|     virtual int getval() override final { return this->n * 2; }
|   };
| 
|   class nocopy
|   {
|   public:
|     nocopy(int i): i(i) {}
|     nocopy() = default;
|     nocopy(const nocopy&) = delete;
|     nocopy & operator=(const nocopy&) = delete;
|   private:
|     int i;
|   };
| 
|   // for testing lambda expressions
|   template <typename Ret, typename Fn> Ret eval(Fn f, Ret v)
|   {
|     return f(v);
|   }
| 
|   // for testing variadic templates and trailing return types
|   template <typename V> auto sum(V first) -> V
|   {
|     return first;
|   }
|   template <typename V, typename... Args> auto sum(V first, Args... rest) -> V
|   {
|     return first + sum(rest...);
|   }
| }
| 
| 
| int
| main (int argc, char **argv)
| {
|   int ok = 0;
|   
|   assert (argc);
|   assert (! argv[0]);
| {
|   test_exception_syntax ();
|   test_template<double> tt (2.0);
|   assert (tt.add (4) == 6.0);
|   assert (true && !false);
| }
| 
|   
| {
|   // Test auto and decltype
|   auto a1 = 6538;
|   auto a2 = 48573953.4;
|   auto a3 = "String literal";
| 
|   int total = 0;
|   for (auto i = a3; *i; ++i) { total += *i; }
| 
|   decltype(a2) a4 = 34895.034;
| }
| {
|   // Test constexpr
|   short sa[cxx11test::get_val()] = { 0 };
| }
| {
|   // Test initializer lists
|   cxx11test::testinit il = { 4323, 435234.23544 };
| }
| {
|   // Test range-based for
|   int array[] = {9, 7, 13, 15, 4, 18, 12, 10, 5, 3,
|                  14, 19, 17, 8, 6, 20, 16, 2, 11, 1};
|   for (auto &x : array) { x += 23; }
| }
| {
|   // Test lambda expressions
|   using cxx11test::eval;
|   assert (eval ([](int x) { return x*2; }, 21) == 42);
|   double d = 2.0;
|   assert (eval ([&](double x) { return d += x; }, 3.0) == 5.0);
|   assert (d == 5.0);
|   assert (eval ([=](double x) mutable { return d += x; }, 4.0) == 9.0);
|   assert (d == 5.0);
| }
| {
|   // Test use of variadic templates
|   using cxx11test::sum;
|   auto a = sum(1);
|   auto b = sum(1, 2);
|   auto c = sum(1.0, 2.0, 3.0);
| }
| {
|   // Test constructor delegation
|   cxx11test::delegate d1;
|   cxx11test::delegate d2();
|   cxx11test::delegate d3(45);
| }
| {
|   // Test override and final
|   cxx11test::overridden o1(55464);
| }
| {
|   // Test nullptr
|   char *c = nullptr;
| }
| {
|   // Test template brackets
|   test_template<::test_template<int>> v(test_template<int>(12));
| }
| {
|   // Unicode literals
|   char const *utf8 = u8"UTF-8 string \u2500";
|   char16_t const *utf16 = u"UTF-8 string \u2500";
|   char32_t const *utf32 = U"UTF-32 string \u2500";
| }
| 
|   return ok;
| }
| 
configure:4351: result: none needed
configure:4417: checking dependency style of g++
configure:4529: result: gcc3
configure:4559: checking whether g++ supports C++11 features with -std=c++11
configure:4858: g++ -std=c++11 -c -g -O2  conftest.cpp >&5
configure:4858: $? = 0
configure:4868: result: yes
configure:5089: checking for C++ compiler version
configure:5098: g++ -std=c++11 --version >&5
Apple clang version 15.0.0 (clang-1500.0.40.1)
Target: x86_64-apple-darwin23.0.0
Thread model: posix
InstalledDir: /Library/Developer/CommandLineTools/usr/bin
configure:5109: $? = 0
configure:5098: g++ -std=c++11 -v >&5
Apple clang version 15.0.0 (clang-1500.0.40.1)
Target: x86_64-apple-darwin23.0.0
Thread model: posix
InstalledDir: /Library/Developer/CommandLineTools/usr/bin
configure:5109: $? = 0
configure:5098: g++ -std=c++11 -V >&5
clang: error: argument to '-V' is missing (expected 1 value)
clang: error: no input files
configure:5109: $? = 1
configure:5098: g++ -std=c++11 -qversion >&5
clang: error: unknown argument '-qversion'; did you mean '--version'?
clang: error: no input files
configure:5109: $? = 1
configure:5113: checking whether the compiler supports GNU C++
configure:5143: result: yes
configure:5154: checking whether g++ -std=c++11 accepts -g
configure:5219: result: yes
configure:5239: checking for g++ -std=c++11 option to enable C++11 features
configure:5272: result: none needed
configure:5338: checking dependency style of g++ -std=c++11
configure:5450: result: gcc3
configure:5527: checking for gcc
configure:5548: found /usr/bin/gcc
configure:5559: result: gcc
configure:5912: checking for C compiler version
configure:5921: gcc --version >&5
Apple clang version 15.0.0 (clang-1500.0.40.1)
Target: x86_64-apple-darwin23.0.0
Thread model: posix
InstalledDir: /Library/Developer/CommandLineTools/usr/bin
configure:5932: $? = 0
configure:5921: gcc -v >&5
Apple clang version 15.0.0 (clang-1500.0.40.1)
Target: x86_64-apple-darwin23.0.0
Thread model: posix
InstalledDir: /Library/Developer/CommandLineTools/usr/bin
configure:5932: $? = 0
configure:5921: gcc -V >&5
clang: error: argument to '-V' is missing (expected 1 value)
clang: error: no input files
configure:5932: $? = 1
configure:5921: gcc -qversion >&5
clang: error: unknown argument '-qversion'; did you mean '--version'?
clang: error: no input files
configure:5932: $? = 1
configure:5921: gcc -version >&5
clang: error: unknown argument '-version'; did you mean '--version'?
clang: error: no input files
configure:5932: $? = 1
configure:5936: checking whether the compiler supports GNU C
configure:5956: gcc -c   conftest.c >&5
configure:5956: $? = 0
configure:5966: result: yes
configure:5977: checking whether gcc accepts -g
configure:5998: gcc -c -g  conftest.c >&5
configure:5998: $? = 0
configure:6042: result: yes
configure:6062: checking for gcc option to enable C11 features
configure:6077: gcc  -c -g -O2  conftest.c >&5
conftest.c:26:14: warning: a function definition without a prototype is deprecated in all versions of C and is not supported in C2x [-Wdeprecated-non-prototype]
static char *e (p, i)
             ^
1 warning generated.
configure:6077: $? = 0
configure:6095: result: none needed
configure:6211: checking whether gcc understands -c and -o together
configure:6234: gcc -c conftest.c -o conftest2.o
configure:6237: $? = 0
configure:6234: gcc -c conftest.c -o conftest2.o
configure:6237: $? = 0
configure:6249: result: yes
configure:6268: checking dependency style of gcc
configure:6380: result: gcc3
configure:6451: checking for ar
configure:6472: found /usr/bin/ar
configure:6483: result: ar
configure:6509: checking the archiver (ar) interface
configure:6526: gcc -c -g -O2  conftest.c >&5
configure:6526: $? = 0
configure:6529: ar cru libconftest.a conftest.o >&5
configure:6532: $? = 0
configure:6560: result: ar
configure:6582: checking for ar
configure:6605: found /usr/bin/ar
configure:6618: result: /usr/bin/ar
configure:6665: checking build system type
configure:6680: result: x86_64-apple-darwin23.0.0
configure:6700: checking host system type
configure:6714: result: x86_64-apple-darwin23.0.0
configure:6755: checking how to print strings
configure:6782: result: printf
configure:6803: checking for a sed that does not truncate output
configure:6873: result: /usr/bin/sed
configure:6891: checking for grep that handles long lines and -e
configure:6955: result: /usr/bin/grep
configure:6960: checking for egrep
configure:7028: result: /usr/bin/grep -E
configure:7033: checking for fgrep
configure:7101: result: /usr/bin/grep -F
configure:7137: checking for ld used by gcc
configure:7205: result: /Library/Developer/CommandLineTools/usr/bin/ld
configure:7212: checking if the linker (/Library/Developer/CommandLineTools/usr/bin/ld) is GNU ld
configure:7228: result: no
configure:7240: checking for BSD- or MS-compatible name lister (nm)
configure:7295: result: /usr/bin/nm -B
configure:7435: checking the name lister (/usr/bin/nm -B) interface
configure:7443: gcc -c -g -O2  conftest.c >&5
configure:7446: /usr/bin/nm -B "conftest.o"
configure:7449: output
0000000000000250 S _some_variable
configure:7456: result: BSD nm
configure:7459: checking whether ln -s works
configure:7463: result: yes
configure:7471: checking the maximum length of command line arguments
configure:7603: result: 786432
configure:7651: checking how to convert x86_64-apple-darwin23.0.0 file names to x86_64-apple-darwin23.0.0 format
configure:7692: result: func_convert_file_noop
configure:7699: checking how to convert x86_64-apple-darwin23.0.0 file names to toolchain format
configure:7720: result: func_convert_file_noop
configure:7727: checking for /Library/Developer/CommandLineTools/usr/bin/ld option to reload object files
configure:7735: result: -r
configure:7814: checking for file
configure:7835: found /usr/bin/file
configure:7846: result: file
configure:7922: checking for objdump
configure:7943: found /usr/bin/objdump
configure:7954: result: objdump
configure:7983: checking how to recognize dependent libraries
configure:8184: result: pass_all
configure:8274: checking for dlltool
configure:8309: result: no
configure:8336: checking how to associate runtime and link libraries
configure:8364: result: printf %s\n
configure:8514: checking for archiver @FILE support
configure:8532: gcc -c -g -O2  conftest.c >&5
configure:8532: $? = 0
configure:8536: /usr/bin/ar cr libconftest.a @conftest.lst >&5
ar: @conftest.lst: No such file or directory
configure:8539: $? = 1
configure:8559: result: no
configure:8622: checking for strip
configure:8643: found /usr/bin/strip
configure:8654: result: strip
configure:8731: checking for ranlib
configure:8752: found /usr/bin/ranlib
configure:8763: result: ranlib
configure:8865: checking command to parse /usr/bin/nm -B output from gcc object
configure:9019: gcc -c -g -O2  conftest.c >&5
configure:9022: $? = 0
configure:9026: /usr/bin/nm -B conftest.o \| /usr/bin/sed -n -e 's/^.*[ ]\([ABCDGIRSTW][ABCDGIRSTW]*\)[ ][ ]*\([_A-Za-z][_A-Za-z0-9]*\)$/\1 \2 \2/p' | /usr/bin/sed '/ __gnu_lto/d' \> conftest.nm
configure:9029: $? = 0
cannot find nm_test_var in conftest.nm
configure:9019: gcc -c -g -O2  conftest.c >&5
configure:9022: $? = 0
configure:9026: /usr/bin/nm -B conftest.o \| /usr/bin/sed -n -e 's/^.*[ ]\([ABCDGIRSTW][ABCDGIRSTW]*\)[ ][ ]*_\([_A-Za-z][_A-Za-z0-9]*\)$/\1 _\2 \2/p' | /usr/bin/sed '/ __gnu_lto/d' \> conftest.nm
configure:9029: $? = 0
configure:9095: gcc -o conftest -g -O2   conftest.c conftstm.o >&5
configure:9098: $? = 0
configure:9136: result: ok
configure:9183: checking for sysroot
configure:9214: result: no
configure:9221: checking for a working dd
configure:9265: result: /bin/dd
configure:9269: checking how to truncate binary pipes
configure:9285: result: /bin/dd bs=4096 count=1
configure:9622: checking for mt
configure:9657: result: no
configure:9677: checking if : is a manifest tool
configure:9684: : '-?'
configure:9692: result: no
configure:9753: checking for dsymutil
configure:9774: found /usr/bin/dsymutil
configure:9785: result: dsymutil
configure:9855: checking for nmedit
configure:9876: found /usr/bin/nmedit
configure:9887: result: nmedit
configure:9957: checking for lipo
configure:9978: found /usr/bin/lipo
configure:9989: result: lipo
configure:10059: checking for otool
configure:10080: found /usr/bin/otool
configure:10091: result: otool
configure:10161: checking for otool64
configure:10196: result: no
configure:10241: checking for -single_module linker flag
gcc -g -O2  -o libconftest.dylib -dynamiclib -Wl,-single_module conftest.c
ld: warning: -single_module is obsolete
configure:10275: result: no
configure:10278: checking for -exported_symbols_list linker flag
configure:10299: gcc -o conftest -g -O2   -Wl,-exported_symbols_list,conftest.sym conftest.c  >&5
configure:10299: $? = 0
configure:10310: result: yes
configure:10313: checking for -force_load linker flag
gcc -g -O2 -c -o conftest.o conftest.c
/usr/bin/ar cr libconftest.a conftest.o
ranlib libconftest.a
gcc -g -O2  -o conftest conftest.c -Wl,-force_load,./libconftest.a
configure:10346: result: yes
configure:10417: checking for stdio.h
configure:10417: gcc -c -g -O2  conftest.c >&5
configure:10417: $? = 0
configure:10417: result: yes
configure:10417: checking for stdlib.h
configure:10417: gcc -c -g -O2  conftest.c >&5
configure:10417: $? = 0
configure:10417: result: yes
configure:10417: checking for string.h
configure:10417: gcc -c -g -O2  conftest.c >&5
configure:10417: $? = 0
configure:10417: result: yes
configure:10417: checking for inttypes.h
configure:10417: gcc -c -g -O2  conftest.c >&5
configure:10417: $? = 0
configure:10417: result: yes
configure:10417: checking for stdint.h
configure:10417: gcc -c -g -O2  conftest.c >&5
configure:10417: $? = 0
configure:10417: result: yes
configure:10417: checking for strings.h
configure:10417: gcc -c -g -O2  conftest.c >&5
configure:10417: $? = 0
configure:10417: result: yes
configure:10417: checking for sys/stat.h
configure:10417: gcc -c -g -O2  conftest.c >&5
configure:10417: $? = 0
configure:10417: result: yes
configure:10417: checking for sys/types.h
configure:10417: gcc -c -g -O2  conftest.c >&5
configure:10417: $? = 0
configure:10417: result: yes
configure:10417: checking for unistd.h
configure:10417: gcc -c -g -O2  conftest.c >&5
configure:10417: $? = 0
configure:10417: result: yes
configure:10442: checking for dlfcn.h
configure:10442: gcc -c -g -O2  conftest.c >&5
configure:10442: $? = 0
configure:10442: result: yes
configure:11039: checking for objdir
configure:11055: result: .libs
configure:11319: checking if gcc supports -fno-rtti -fno-exceptions
configure:11338: gcc -c -g -O2  -fno-rtti -fno-exceptions conftest.c >&5
configure:11342: $? = 0
configure:11355: result: yes
configure:11713: checking for gcc option to produce PIC
configure:11721: result: -fno-common -DPIC
configure:11729: checking if gcc PIC flag -fno-common -DPIC works
configure:11748: gcc -c -g -O2  -fno-common -DPIC -DPIC conftest.c >&5
configure:11752: $? = 0
configure:11765: result: yes
configure:11794: checking if gcc static flag -static works
configure:11823: result: no
configure:11838: checking if gcc supports -c -o file.o
configure:11860: gcc -c -g -O2  -o out/conftest2.o conftest.c >&5
configure:11864: $? = 0
configure:11886: result: yes
configure:11894: checking if gcc supports -c -o file.o
configure:11942: result: yes
configure:11975: checking whether the gcc linker (/Library/Developer/CommandLineTools/usr/bin/ld) supports shared libraries
configure:13243: result: yes
configure:13484: checking dynamic linker characteristics
configure:14305: result: darwin23.0.0 dyld
configure:14427: checking how to hardcode library paths into programs
configure:14452: result: immediate
configure:15004: checking whether stripping libraries is possible
configure:15021: result: yes
configure:15055: checking if libtool supports shared libraries
configure:15057: result: yes
configure:15060: checking whether to build shared libraries
configure:15085: result: yes
configure:15088: checking whether to build static libraries
configure:15092: result: yes
configure:15115: checking how to run the C++ preprocessor
configure:15137: g++ -std=c++11 -E  conftest.cpp
configure:15137: $? = 0
configure:15152: g++ -std=c++11 -E  conftest.cpp
conftest.cpp:24:10: fatal error: 'ac_nonexistent.h' file not found
#include <ac_nonexistent.h>
         ^~~~~~~~~~~~~~~~~~
1 error generated.
configure:15152: $? = 1
configure: failed program was:
| /* confdefs.h */
| #define PACKAGE_NAME "RtMidi"
| #define PACKAGE_TARNAME "rtmidi"
| #define PACKAGE_VERSION "6.0.0"
| #define PACKAGE_STRING "RtMidi 6.0.0"
| #define PACKAGE_BUGREPORT "gary.scavone@mcgill.ca"
| #define PACKAGE_URL ""
| #define PACKAGE "rtmidi"
| #define VERSION "6.0.0"
| #define HAVE_CXX11 1
| #define HAVE_STDIO_H 1
| #define HAVE_STDLIB_H 1
| #define HAVE_STRING_H 1
| #define HAVE_INTTYPES_H 1
| #define HAVE_STDINT_H 1
| #define HAVE_STRINGS_H 1
| #define HAVE_SYS_STAT_H 1
| #define HAVE_SYS_TYPES_H 1
| #define HAVE_UNISTD_H 1
| #define STDC_HEADERS 1
| #define HAVE_DLFCN_H 1
| #define LT_OBJDIR ".libs/"
| /* end confdefs.h.  */
| #include <ac_nonexistent.h>
configure:15179: result: g++ -std=c++11 -E
configure:15193: g++ -std=c++11 -E  conftest.cpp
configure:15193: $? = 0
configure:15208: g++ -std=c++11 -E  conftest.cpp
conftest.cpp:24:10: fatal error: 'ac_nonexistent.h' file not found
#include <ac_nonexistent.h>
         ^~~~~~~~~~~~~~~~~~
1 error generated.
configure:15208: $? = 1
configure: failed program was:
| /* confdefs.h */
| #define PACKAGE_NAME "RtMidi"
| #define PACKAGE_TARNAME "rtmidi"
| #define PACKAGE_VERSION "6.0.0"
| #define PACKAGE_STRING "RtMidi 6.0.0"
| #define PACKAGE_BUGREPORT "gary.scavone@mcgill.ca"
| #define PACKAGE_URL ""
| #define PACKAGE "rtmidi"
| #define VERSION "6.0.0"
| #define HAVE_CXX11 1
| #define HAVE_STDIO_H 1
| #define HAVE_STDLIB_H 1
| #define HAVE_STRING_H 1
| #define HAVE_INTTYPES_H 1
| #define HAVE_STDINT_H 1
| #define HAVE_STRINGS_H 1
| #define HAVE_SYS_STAT_H 1
| #define HAVE_SYS_TYPES_H 1
| #define HAVE_UNISTD_H 1
| #define STDC_HEADERS 1
| #define HAVE_DLFCN_H 1
| #define LT_OBJDIR ".libs/"
| /* end confdefs.h.  */
| #include <ac_nonexistent.h>
configure:15373: checking for ld used by g++ -std=c++11
configure:15441: result: /Library/Developer/CommandLineTools/usr/bin/ld
configure:15448: checking if the linker (/Library/Developer/CommandLineTools/usr/bin/ld) is GNU ld
configure:15464: result: no
configure:15519: checking whether the g++ -std=c++11 linker (/Library/Developer/CommandLineTools/usr/bin/ld) supports shared libraries
configure:16597: result: yes
configure:16633: g++ -std=c++11 -c -g -O2  conftest.cpp >&5
configure:16636: $? = 0
configure:17117: checking for g++ -std=c++11 option to produce PIC
configure:17125: result: -fno-common -DPIC
configure:17133: checking if g++ -std=c++11 PIC flag -fno-common -DPIC works
configure:17152: g++ -std=c++11 -c -g -O2  -fno-common -DPIC -DPIC conftest.cpp >&5
configure:17156: $? = 0
configure:17169: result: yes
configure:17192: checking if g++ -std=c++11 static flag -static works
configure:17221: result: no
configure:17233: checking if g++ -std=c++11 supports -c -o file.o
configure:17255: g++ -std=c++11 -c -g -O2  -o out/conftest2.o conftest.cpp >&5
configure:17259: $? = 0
configure:17281: result: yes
configure:17286: checking if g++ -std=c++11 supports -c -o file.o
configure:17334: result: yes
configure:17364: checking whether the g++ -std=c++11 linker (/Library/Developer/CommandLineTools/usr/bin/ld) supports shared libraries
configure:17404: result: yes
configure:17546: checking dynamic linker characteristics
configure:18294: result: darwin23.0.0 dyld
configure:18359: checking how to hardcode library paths into programs
configure:18384: result: immediate
configure:18451: checking for egrep
configure:18519: result: /usr/bin/grep -E
configure:18528: checking for semaphore.h
configure:18528: gcc -c -g -O2  conftest.c >&5
configure:18528: $? = 0
configure:18528: result: yes
configure:18532: checking for sem_init in -lpthread
configure:18555: gcc -o conftest -g -O2   conftest.c -lpthread   >&5
configure:18555: $? = 0
configure:18565: result: yes
configure:18583: checking whether to compile debug version
configure:18604: result: no
configure:18637: checking for doxygen
configure:18672: result: no
configure:18802: checking for jack_client_open in -ljack
configure:18825: gcc -o conftest -g -O2   conftest.c -ljack   >&5
ld: library 'jack' not found
clang: error: linker command failed with exit code 1 (use -v to see invocation)
configure:18825: $? = 1
configure: failed program was:
| /* confdefs.h */
| #define PACKAGE_NAME "RtMidi"
| #define PACKAGE_TARNAME "rtmidi"
| #define PACKAGE_VERSION "6.0.0"
| #define PACKAGE_STRING "RtMidi 6.0.0"
| #define PACKAGE_BUGREPORT "gary.scavone@mcgill.ca"
| #define PACKAGE_URL ""
| #define PACKAGE "rtmidi"
| #define VERSION "6.0.0"
| #define HAVE_CXX11 1
| #define HAVE_STDIO_H 1
| #define HAVE_STDLIB_H 1
| #define HAVE_STRING_H 1
| #define HAVE_INTTYPES_H 1
| #define HAVE_STDINT_H 1
| #define HAVE_STRINGS_H 1
| #define HAVE_SYS_STAT_H 1
| #define HAVE_SYS_TYPES_H 1
| #define HAVE_UNISTD_H 1
| #define STDC_HEADERS 1
| #define HAVE_DLFCN_H 1
| #define LT_OBJDIR ".libs/"
| #define HAVE_SEMAPHORE 1
| /* end confdefs.h.  */
| 
| /* Override any GCC internal prototype to avoid an error.
|    Use char because int might match the return type of a GCC
|    builtin and then its argument prototype would still apply.  */
| char jack_client_open ();
| int
| main (void)
| {
| return jack_client_open ();
|   ;
|   return 0;
| }
configure:18835: result: no
configure:18853: checking for jack_port_rename in -ljack
configure:18876: gcc -o conftest -g -O2   conftest.c -ljack   >&5
ld: library 'jack' not found
clang: error: linker command failed with exit code 1 (use -v to see invocation)
configure:18876: $? = 1
configure: failed program was:
| /* confdefs.h */
| #define PACKAGE_NAME "RtMidi"
| #define PACKAGE_TARNAME "rtmidi"
| #define PACKAGE_VERSION "6.0.0"
| #define PACKAGE_STRING "RtMidi 6.0.0"
| #define PACKAGE_BUGREPORT "gary.scavone@mcgill.ca"
| #define PACKAGE_URL ""
| #define PACKAGE "rtmidi"
| #define VERSION "6.0.0"
| #define HAVE_CXX11 1
| #define HAVE_STDIO_H 1
| #define HAVE_STDLIB_H 1
| #define HAVE_STRING_H 1
| #define HAVE_INTTYPES_H 1
| #define HAVE_STDINT_H 1
| #define HAVE_STRINGS_H 1
| #define HAVE_SYS_STAT_H 1
| #define HAVE_SYS_TYPES_H 1
| #define HAVE_UNISTD_H 1
| #define STDC_HEADERS 1
| #define HAVE_DLFCN_H 1
| #define LT_OBJDIR ".libs/"
| #define HAVE_SEMAPHORE 1
| /* end confdefs.h.  */
| 
| /* Override any GCC internal prototype to avoid an error.
|    Use char because int might match the return type of a GCC
|    builtin and then its argument prototype would still apply.  */
| char jack_port_rename ();
| int
| main (void)
| {
| return jack_port_rename ();
|   ;
|   return 0;
| }
configure:18886: result: no
configure:18961: checking for CoreMIDI/CoreMIDI.h
configure:18961: gcc -c -g -O2  conftest.c >&5
configure:18961: $? = 0
configure:18961: result: yes
configure:19071: checking for pthread
configure:19073: checking for pthread_create in -lpthread
configure:19096: gcc -o conftest -g -O2   conftest.c -lpthread   -framework CoreMIDI -framework CoreFoundation -framework CoreAudio >&5
configure:19096: $? = 0
configure:19106: result: yes
configure:19120: checking for MIDI API
configure:19133: result:  CoreMIDI,
configure:19285: checking that generated files are newer than configure
configure:19291: result: done
configure:19330: creating ./config.status

## ---------------------- ##
## Running config.status. ##
## ---------------------- ##

This file was extended by RtMidi config.status 6.0.0, which was
generated by GNU Autoconf 2.71.  Invocation command line was

  CONFIG_FILES    = 
  CONFIG_HEADERS  = 
  CONFIG_LINKS    = 
  CONFIG_COMMANDS = 
  $ ./config.status 

on Alexs-MacBook-Pro-2.local

config.status:1093: creating rtmidi-config
config.status:1093: creating rtmidi.pc
config.status:1093: creating Makefile
config.status:1093: creating tests/Makefile
config.status:1093: creating doc/Makefile
config.status:1093: creating doc/doxygen/Doxyfile
config.status:1296: executing depfiles commands
config.status:1373: cd .       && sed -e '/# am--include-marker/d' Makefile         | make -f - am--depfiles
config.status:1378: $? = 0
config.status:1373: cd tests       && sed -e '/# am--include-marker/d' Makefile         | make -f - am--depfiles
config.status:1378: $? = 0
config.status:1296: executing libtool commands

## ---------------- ##
## Cache variables. ##
## ---------------- ##

ac_cv_build=x86_64-apple-darwin23.0.0
ac_cv_c_compiler_gnu=yes
ac_cv_cxx_compiler_gnu=yes
ac_cv_env_CCC_set=
ac_cv_env_CCC_value=
ac_cv_env_CC_set=
ac_cv_env_CC_value=
ac_cv_env_CFLAGS_set=
ac_cv_env_CFLAGS_value=
ac_cv_env_CPPFLAGS_set=
ac_cv_env_CPPFLAGS_value=
ac_cv_env_CXXCPP_set=
ac_cv_env_CXXCPP_value=
ac_cv_env_CXXFLAGS_set=
ac_cv_env_CXXFLAGS_value=
ac_cv_env_CXX_set=
ac_cv_env_CXX_value=
ac_cv_env_LDFLAGS_set=
ac_cv_env_LDFLAGS_value=
ac_cv_env_LIBS_set=
ac_cv_env_LIBS_value=
ac_cv_env_LT_SYS_LIBRARY_PATH_set=
ac_cv_env_LT_SYS_LIBRARY_PATH_value=
ac_cv_env_build_alias_set=
ac_cv_env_build_alias_value=
ac_cv_env_host_alias_set=
ac_cv_env_host_alias_value=
ac_cv_env_target_alias_set=
ac_cv_env_target_alias_value=
ac_cv_header_CoreMIDI_CoreMIDI_h=yes
ac_cv_header_dlfcn_h=yes
ac_cv_header_inttypes_h=yes
ac_cv_header_semaphore_h=yes
ac_cv_header_stdint_h=yes
ac_cv_header_stdio_h=yes
ac_cv_header_stdlib_h=yes
ac_cv_header_string_h=yes
ac_cv_header_strings_h=yes
ac_cv_header_sys_stat_h=yes
ac_cv_header_sys_types_h=yes
ac_cv_header_unistd_h=yes
ac_cv_host=x86_64-apple-darwin23.0.0
ac_cv_lib_jack_jack_client_open=no
ac_cv_lib_jack_jack_port_rename=no
ac_cv_lib_pthread_pthread_create=yes
ac_cv_lib_pthread_sem_init=yes
ac_cv_objext=o
ac_cv_path_AR=/usr/bin/ar
ac_cv_path_EGREP='/usr/bin/grep -E'
ac_cv_path_FGREP='/usr/bin/grep -F'
ac_cv_path_GREP=/usr/bin/grep
ac_cv_path_SED=/usr/bin/sed
ac_cv_path_install='/usr/bin/install -c'
ac_cv_path_lt_DD=/bin/dd
ac_cv_prog_AWK=awk
ac_cv_prog_CXXCPP='g++ -std=c++11 -E'
ac_cv_prog_ac_ct_AR=ar
ac_cv_prog_ac_ct_CC=gcc
ac_cv_prog_ac_ct_CXX=g++
ac_cv_prog_ac_ct_DSYMUTIL=dsymutil
ac_cv_prog_ac_ct_FILECMD=file
ac_cv_prog_ac_ct_LIPO=lipo
ac_cv_prog_ac_ct_NMEDIT=nmedit
ac_cv_prog_ac_ct_OBJDUMP=objdump
ac_cv_prog_ac_ct_OTOOL=otool
ac_cv_prog_ac_ct_RANLIB=ranlib
ac_cv_prog_ac_ct_STRIP=strip
ac_cv_prog_cc_c11=
ac_cv_prog_cc_g=yes
ac_cv_prog_cc_stdc=
ac_cv_prog_cxx_11=no
ac_cv_prog_cxx_g=yes
ac_cv_prog_cxx_stdcxx=
ac_cv_prog_make_make_set=yes
am_cv_CC_dependencies_compiler_type=gcc3
am_cv_CXX_dependencies_compiler_type=gcc3
am_cv_ar_interface=ar
am_cv_make_support_nested_variables=yes
am_cv_prog_cc_c_o=yes
ax_cv_cxx_compile_cxx11__std_cpp11=yes
lt_cv_apple_cc_single_mod=no
lt_cv_ar_at_file=no
lt_cv_deplibs_check_method=pass_all
lt_cv_file_magic_cmd='$MAGIC_CMD'
lt_cv_file_magic_test_file=
lt_cv_ld_exported_symbols_list=yes
lt_cv_ld_force_load=yes
lt_cv_ld_reload_flag=-r
lt_cv_nm_interface='BSD nm'
lt_cv_objdir=.libs
lt_cv_path_LD=/Library/Developer/CommandLineTools/usr/bin/ld
lt_cv_path_LDCXX=/Library/Developer/CommandLineTools/usr/bin/ld
lt_cv_path_NM='/usr/bin/nm -B'
lt_cv_path_mainfest_tool=no
lt_cv_prog_compiler_c_o=yes
lt_cv_prog_compiler_c_o_CXX=yes
lt_cv_prog_compiler_pic='-fno-common -DPIC'
lt_cv_prog_compiler_pic_CXX='-fno-common -DPIC'
lt_cv_prog_compiler_pic_works=yes
lt_cv_prog_compiler_pic_works_CXX=yes
lt_cv_prog_compiler_rtti_exceptions=yes
lt_cv_prog_compiler_static_works=no
lt_cv_prog_compiler_static_works_CXX=no
lt_cv_prog_gnu_ld=no
lt_cv_prog_gnu_ldcxx=no
lt_cv_sharedlib_from_linklib_cmd='printf %s\n'
lt_cv_sys_global_symbol_pipe='/usr/bin/sed -n -e '\''s/^.*[	 ]\([ABCDGIRSTW][ABCDGIRSTW]*\)[	 ][	 ]*_\([_A-Za-z][_A-Za-z0-9]*\)$/\1 _\2 \2/p'\'' | /usr/bin/sed '\''/ __gnu_lto/d'\'''
lt_cv_sys_global_symbol_to_c_name_address='/usr/bin/sed -n -e '\''s/^: \(.*\) .*$/  {"\1", (void *) 0},/p'\'' -e '\''s/^[ABCDGIRSTW][ABCDGIRSTW]* .* \(.*\)$/  {"\1", (void *) \&\1},/p'\'''
lt_cv_sys_global_symbol_to_c_name_address_lib_prefix='/usr/bin/sed -n -e '\''s/^: \(.*\) .*$/  {"\1", (void *) 0},/p'\'' -e '\''s/^[ABCDGIRSTW][ABCDGIRSTW]* .* \(lib.*\)$/  {"\1", (void *) \&\1},/p'\'' -e '\''s/^[ABCDGIRSTW][ABCDGIRSTW]* .* \(.*\)$/  {"lib\1", (void *) \&\1},/p'\'''
lt_cv_sys_global_symbol_to_cdecl='/usr/bin/sed -n -e '\''s/^T .* \(.*\)$/extern int \1();/p'\'' -e '\''s/^[ABCDGIRSTW][ABCDGIRSTW]* .* \(.*\)$/extern char \1;/p'\'''
lt_cv_sys_global_symbol_to_import=
lt_cv_sys_max_cmd_len=786432
lt_cv_to_host_file_cmd=func_convert_file_noop
lt_cv_to_tool_file_cmd=func_convert_file_noop
lt_cv_truncate_bin='/bin/dd bs=4096 count=1'

## ----------------- ##
## Output variables. ##
## ----------------- ##

ACLOCAL='${SHELL} '\''/Users/alex/Documents/Arduino/stepchild/src/headless/childOS_headless/rtmidi-6.0.0/config/missing'\'' aclocal-1.16'
AMDEPBACKSLASH='\'
AMDEP_FALSE='#'
AMDEP_TRUE=''
AMTAR='$${TAR-tar}'
AM_BACKSLASH='\'
AM_DEFAULT_V='$(AM_DEFAULT_VERBOSITY)'
AM_DEFAULT_VERBOSITY='0'
AM_V='$(V)'
AR='/usr/bin/ar'
AS='as'
AUTOCONF='${SHELL} '\''/Users/alex/Documents/Arduino/stepchild/src/headless/childOS_headless/rtmidi-6.0.0/config/missing'\'' autoconf'
AUTOHEADER='${SHELL} '\''/Users/alex/Documents/Arduino/stepchild/src/headless/childOS_headless/rtmidi-6.0.0/config/missing'\'' autoheader'
AUTOMAKE='${SHELL} '\''/Users/alex/Documents/Arduino/stepchild/src/headless/childOS_headless/rtmidi-6.0.0/config/missing'\'' automake-1.16'
AWK='awk'
CC='gcc'
CCDEPMODE='depmode=gcc3'
CFLAGS='-g -O2'
CPPFLAGS='  -D__MACOSX_CORE__'
CSCOPE='cscope'
CTAGS='ctags'
CXX='g++ -std=c++11'
CXXCPP='g++ -std=c++11 -E'
CXXDEPMODE='depmode=gcc3'
CXXFLAGS='-Wall -Wextra -g -O2'
CYGPATH_W='echo'
DEFS='-DPACKAGE_NAME=\"RtMidi\" -DPACKAGE_TARNAME=\"rtmidi\" -DPACKAGE_VERSION=\"6.0.0\" -DPACKAGE_STRING=\"RtMidi\ 6.0.0\" -DPACKAGE_BUGREPORT=\"gary.scavone@mcgill.ca\" -DPACKAGE_URL=\"\" -DPACKAGE=\"rtmidi\" -DVERSION=\"6.0.0\" -DHAVE_CXX11=1 -DHAVE_STDIO_H=1 -DHAVE_STDLIB_H=1 -DHAVE_STRING_H=1 -DHAVE_INTTYPES_H=1 -DHAVE_STDINT_H=1 -DHAVE_STRINGS_H=1 -DHAVE_SYS_STAT_H=1 -DHAVE_SYS_TYPES_H=1 -DHAVE_UNISTD_H=1 -DSTDC_HEADERS=1 -DHAVE_DLFCN_H=1 -DLT_OBJDIR=\".libs/\" -DHAVE_SEMAPHORE=1 -DHAVE_LIBPTHREAD=1'
DEPDIR='.deps'
DLLTOOL='false'
DOXYGEN=''
DSYMUTIL='dsymutil'
DUMPBIN=''
ECHO_C='\c'
ECHO_N=''
ECHO_T=''
EGREP='/usr/bin/grep -E'
ETAGS='etags'
EXEEXT=''
FGREP='/usr/bin/grep -F'
FILECMD='file'
GREP='/usr/bin/grep'
HAVE_CXX11='1'
INSTALL_DATA='${INSTALL} -m 644'
INSTALL_PROGRAM='${INSTALL}'
INSTALL_SCRIPT='${INSTALL}'
INSTALL_STRIP_PROGRAM='$(install_sh) -c -s'
LD='/Library/Developer/CommandLineTools/usr/bin/ld'
LDFLAGS=''
LIBOBJS=''
LIBS='-lpthread  -framework CoreMIDI -framework CoreFoundation -framework CoreAudio'
LIBTOOL='$(SHELL) $(top_builddir)/libtool'
LIPO='lipo'
LN_S='ln -s'
LTLIBOBJS=''
LT_SYS_LIBRARY_PATH=''
MAINT='#'
MAINTAINER_MODE_FALSE=''
MAINTAINER_MODE_TRUE='#'
MAKEINFO='${SHELL} '\''/Users/alex/Documents/Arduino/stepchild/src/headless/childOS_headless/rtmidi-6.0.0/config/missing'\'' makeinfo'
MAKE_DOC_FALSE=''
MAKE_DOC_TRUE='#'
MANIFEST_TOOL=':'
MKDIR_P='./config/install-sh -c -d'
NM='/usr/bin/nm -B'
NMEDIT='nmedit'
OBJDUMP='objdump'
OBJEXT='o'
OTOOL64=':'
OTOOL='otool'
PACKAGE='rtmidi'
PACKAGE_BUGREPORT='gary.scavone@mcgill.ca'
PACKAGE_NAME='RtMidi'
PACKAGE_STRING='RtMidi 6.0.0'
PACKAGE_TARNAME='rtmidi'
PACKAGE_URL=''
PACKAGE_VERSION='6.0.0'
PATH_SEPARATOR=':'
RANLIB='ranlib'
SED='/usr/bin/sed'
SET_MAKE=''
SHELL='/bin/sh'
SO_VERSION='7:0:0'
STRIP='strip'
VERSION='6.0.0'
ac_ct_AR='ar'
ac_ct_CC='gcc'
ac_ct_CXX='g++'
ac_ct_DUMPBIN=''
am__EXEEXT_FALSE=''
am__EXEEXT_TRUE='#'
am__fastdepCC_FALSE='#'
am__fastdepCC_TRUE=''
am__fastdepCXX_FALSE='#'
am__fastdepCXX_TRUE=''
am__include='include'
am__isrc=''
am__leading_dot='.'
am__nodep='_no'
am__quote=''
am__tar='$${TAR-tar} chof - "$$tardir"'
am__untar='$${TAR-tar} xf -'
api=' -D__MACOSX_CORE__'
bindir='${exec_prefix}/bin'
build='x86_64-apple-darwin23.0.0'
build_alias=''
build_cpu='x86_64'
build_os='darwin23.0.0'
build_vendor='apple'
datadir='${datarootdir}'
datarootdir='${prefix}/share'
docdir='${datarootdir}/doc/${PACKAGE_TARNAME}'
dvidir='${docdir}'
exec_prefix='${prefix}'
host='x86_64-apple-darwin23.0.0'
host_alias=''
host_cpu='x86_64'
host_os='darwin23.0.0'
host_vendor='apple'
htmldir='${docdir}'
includedir='${prefix}/include'
infodir='${datarootdir}/info'
install_sh='${SHELL} /Users/alex/Documents/Arduino/stepchild/src/headless/childOS_headless/rtmidi-6.0.0/config/install-sh'
libdir='${exec_prefix}/lib'
libexecdir='${exec_prefix}/libexec'
localedir='${datarootdir}/locale'
localstatedir='${prefix}/var'
mandir='${datarootdir}/man'
mkdir_p='$(MKDIR_P)'
oldincludedir='/usr/include'
pdfdir='${docdir}'
prefix='/usr/local'
program_transform_name='s,x,x,'
psdir='${docdir}'
req=''
req_libs=' -framework CoreMIDI -framework CoreAudio -framework CoreFoundation'
runstatedir='${localstatedir}/run'
sbindir='${exec_prefix}/sbin'
sharedstatedir='${prefix}/com'
sysconfdir='${prefix}/etc'
target_alias=''

## ----------- ##
## confdefs.h. ##
## ----------- ##

/* confdefs.h */
#define PACKAGE_NAME "RtMidi"
#define PACKAGE_TARNAME "rtmidi"
#define PACKAGE_VERSION "6.0.0"
#define PACKAGE_STRING "RtMidi 6.0.0"
#define PACKAGE_BUGREPORT "gary.scavone@mcgill.ca"
#define PACKAGE_URL ""
#define PACKAGE "rtmidi"
#define VERSION "6.0.0"
#define HAVE_CXX11 1
#define HAVE_STDIO_H 1
#define HAVE_STDLIB_H 1
#define HAVE_STRING_H 1
#define HAVE_INTTYPES_H 1
#define HAVE_STDINT_H 1
#define HAVE_STRINGS_H 1
#define HAVE_SYS_STAT_H 1
#define HAVE_SYS_TYPES_H 1
#define HAVE_UNISTD_H 1
#define STDC_HEADERS 1
#define HAVE_DLFCN_H 1
#define LT_OBJDIR ".libs/"
#define HAVE_SEMAPHORE 1
#define HAVE_LIBPTHREAD 1

configure: exit 0
